2023-10-28 00:07:12.060 INFO  o.s.scheduling.concurrent.ThreadPoolTaskExecutor  :218  [32m                  [0;39m Shutting down ExecutorService 'applicationTaskExecutor'
2023-10-28 00:07:12.147 INFO  com.example.wiki.WikiApplication                  :55   [32m                  [0;39m Starting WikiApplication using Java 1.8.0_221 on LAPTOP-BPEHVGO4 with PID 17364 (D:\Workplace\JavaProjects\wiki\target\classes started by zhk in D:\Workplace\JavaProjects\wiki)
2023-10-28 00:07:12.147 INFO  com.example.wiki.WikiApplication                  :660  [32m                  [0;39m No active profile set, falling back to default profiles: default
2023-10-28 00:07:12.229 INFO  o.s.boot.web.embedded.tomcat.TomcatWebServer      :108  [32m                  [0;39m Tomcat initialized with port(s): 8880 (http)
2023-10-28 00:07:12.231 INFO  org.apache.coyote.http11.Http11NioProtocol        :173  [32m                  [0;39m Initializing ProtocolHandler ["http-nio-8880"]
2023-10-28 00:07:12.232 INFO  org.apache.catalina.core.StandardService          :173  [32m                  [0;39m Starting service [Tomcat]
2023-10-28 00:07:12.232 INFO  org.apache.catalina.core.StandardEngine           :173  [32m                  [0;39m Starting Servlet engine: [Apache Tomcat/9.0.39]
2023-10-28 00:07:12.245 INFO  o.a.c.core.ContainerBase.[Tomcat].[localhost].[/] :173  [32m                  [0;39m Initializing Spring embedded WebApplicationContext
2023-10-28 00:07:12.245 INFO  o.s.b.w.s.c.ServletWebServerApplicationContext    :289  [32m                  [0;39m Root WebApplicationContext: initialization completed in 97 ms
2023-10-28 00:07:12.262 INFO  o.s.scheduling.concurrent.ThreadPoolTaskExecutor  :181  [32m                  [0;39m Initializing ExecutorService 'applicationTaskExecutor'
2023-10-28 00:07:12.275 INFO  o.s.b.d.autoconfigure.OptionalLiveReloadServer    :58   [32m                  [0;39m LiveReload server is running on port 35729
2023-10-28 00:07:12.277 INFO  org.apache.coyote.http11.Http11NioProtocol        :173  [32m                  [0;39m Starting ProtocolHandler ["http-nio-8880"]
2023-10-28 00:07:12.279 INFO  o.s.boot.web.embedded.tomcat.TomcatWebServer      :220  [32m                  [0;39m Tomcat started on port(s): 8880 (http) with context path ''
2023-10-28 00:07:12.281 INFO  com.example.wiki.WikiApplication                  :61   [32m                  [0;39m Started WikiApplication in 0.147 seconds (JVM running for 926.454)
2023-10-28 00:07:12.282 INFO  o.s.b.d.a.ConditionEvaluationDeltaLoggingListener :63   [32m                  [0;39m Condition evaluation unchanged
2023-10-28 00:07:12.282 INFO  com.example.wiki.WikiApplication                  :19   [32m                  [0;39m 启动成功！！
2023-10-28 00:07:12.282 INFO  com.example.wiki.WikiApplication                  :20   [32m                  [0;39m 地址：	http://127.0.0.1:8880
2023-10-28 00:07:31.141 INFO  o.a.c.core.ContainerBase.[Tomcat].[localhost].[/] :173  [32m                  [0;39m Initializing Spring DispatcherServlet 'dispatcherServlet'
2023-10-28 00:07:31.142 INFO  org.springframework.web.servlet.DispatcherServlet :525  [32m                  [0;39m Initializing Servlet 'dispatcherServlet'
2023-10-28 00:07:31.142 INFO  org.springframework.web.servlet.DispatcherServlet :547  [32m                  [0;39m Completed initialization in 0 ms
2023-10-28 00:07:55.815 INFO  o.s.scheduling.concurrent.ThreadPoolTaskExecutor  :218  [32m                  [0;39m Shutting down ExecutorService 'applicationTaskExecutor'
2023-10-28 00:07:55.887 INFO  com.example.wiki.WikiApplication                  :55   [32m                  [0;39m Starting WikiApplication using Java 1.8.0_221 on LAPTOP-BPEHVGO4 with PID 17364 (D:\Workplace\JavaProjects\wiki\target\classes started by zhk in D:\Workplace\JavaProjects\wiki)
2023-10-28 00:07:55.888 INFO  com.example.wiki.WikiApplication                  :660  [32m                  [0;39m No active profile set, falling back to default profiles: default
2023-10-28 00:07:55.949 INFO  o.s.boot.web.embedded.tomcat.TomcatWebServer      :108  [32m                  [0;39m Tomcat initialized with port(s): 8880 (http)
2023-10-28 00:07:55.950 INFO  org.apache.coyote.http11.Http11NioProtocol        :173  [32m                  [0;39m Initializing ProtocolHandler ["http-nio-8880"]
2023-10-28 00:07:55.950 INFO  org.apache.catalina.core.StandardService          :173  [32m                  [0;39m Starting service [Tomcat]
2023-10-28 00:07:55.950 INFO  org.apache.catalina.core.StandardEngine           :173  [32m                  [0;39m Starting Servlet engine: [Apache Tomcat/9.0.39]
2023-10-28 00:07:55.958 INFO  o.a.c.core.ContainerBase.[Tomcat].[localhost].[/] :173  [32m                  [0;39m Initializing Spring embedded WebApplicationContext
2023-10-28 00:07:55.959 INFO  o.s.b.w.s.c.ServletWebServerApplicationContext    :289  [32m                  [0;39m Root WebApplicationContext: initialization completed in 71 ms
2023-10-28 00:07:55.971 INFO  o.s.scheduling.concurrent.ThreadPoolTaskExecutor  :181  [32m                  [0;39m Initializing ExecutorService 'applicationTaskExecutor'
2023-10-28 00:07:55.981 INFO  o.s.b.d.autoconfigure.OptionalLiveReloadServer    :58   [32m                  [0;39m LiveReload server is running on port 35729
2023-10-28 00:07:55.982 INFO  org.apache.coyote.http11.Http11NioProtocol        :173  [32m                  [0;39m Starting ProtocolHandler ["http-nio-8880"]
2023-10-28 00:07:55.984 INFO  o.s.boot.web.embedded.tomcat.TomcatWebServer      :220  [32m                  [0;39m Tomcat started on port(s): 8880 (http) with context path ''
2023-10-28 00:07:55.986 INFO  com.example.wiki.WikiApplication                  :61   [32m                  [0;39m Started WikiApplication in 0.109 seconds (JVM running for 970.159)
2023-10-28 00:07:55.986 INFO  o.s.b.d.a.ConditionEvaluationDeltaLoggingListener :63   [32m                  [0;39m Condition evaluation unchanged
2023-10-28 00:07:55.987 INFO  com.example.wiki.WikiApplication                  :19   [32m                  [0;39m 启动成功！！
2023-10-28 00:07:55.987 INFO  com.example.wiki.WikiApplication                  :20   [32m                  [0;39m 地址：	http://127.0.0.1:8880
2023-10-28 00:07:56.101 INFO  o.a.c.core.ContainerBase.[Tomcat].[localhost].[/] :173  [32m                  [0;39m Initializing Spring DispatcherServlet 'dispatcherServlet'
2023-10-28 00:07:56.101 INFO  org.springframework.web.servlet.DispatcherServlet :525  [32m                  [0;39m Initializing Servlet 'dispatcherServlet'
2023-10-28 00:07:56.102 INFO  org.springframework.web.servlet.DispatcherServlet :547  [32m                  [0;39m Completed initialization in 0 ms
2023-10-28 00:14:39.403 INFO  o.s.scheduling.concurrent.ThreadPoolTaskExecutor  :218  [32m                  [0;39m Shutting down ExecutorService 'applicationTaskExecutor'
2023-10-28 00:14:39.471 INFO  com.example.wiki.WikiApplication                  :55   [32m                  [0;39m Starting WikiApplication using Java 1.8.0_221 on LAPTOP-BPEHVGO4 with PID 17364 (D:\Workplace\JavaProjects\wiki\target\classes started by zhk in D:\Workplace\JavaProjects\wiki)
2023-10-28 00:14:39.471 INFO  com.example.wiki.WikiApplication                  :660  [32m                  [0;39m No active profile set, falling back to default profiles: default
2023-10-28 00:14:39.532 INFO  o.s.boot.web.embedded.tomcat.TomcatWebServer      :108  [32m                  [0;39m Tomcat initialized with port(s): 8880 (http)
2023-10-28 00:14:39.533 INFO  org.apache.coyote.http11.Http11NioProtocol        :173  [32m                  [0;39m Initializing ProtocolHandler ["http-nio-8880"]
2023-10-28 00:14:39.533 INFO  org.apache.catalina.core.StandardService          :173  [32m                  [0;39m Starting service [Tomcat]
2023-10-28 00:14:39.533 INFO  org.apache.catalina.core.StandardEngine           :173  [32m                  [0;39m Starting Servlet engine: [Apache Tomcat/9.0.39]
2023-10-28 00:14:39.542 INFO  o.a.c.core.ContainerBase.[Tomcat].[localhost].[/] :173  [32m                  [0;39m Initializing Spring embedded WebApplicationContext
2023-10-28 00:14:39.542 INFO  o.s.b.w.s.c.ServletWebServerApplicationContext    :289  [32m                  [0;39m Root WebApplicationContext: initialization completed in 70 ms
2023-10-28 00:14:39.554 INFO  o.s.scheduling.concurrent.ThreadPoolTaskExecutor  :181  [32m                  [0;39m Initializing ExecutorService 'applicationTaskExecutor'
2023-10-28 00:14:39.562 INFO  o.s.b.d.autoconfigure.OptionalLiveReloadServer    :58   [32m                  [0;39m LiveReload server is running on port 35729
2023-10-28 00:14:39.564 INFO  org.apache.coyote.http11.Http11NioProtocol        :173  [32m                  [0;39m Starting ProtocolHandler ["http-nio-8880"]
2023-10-28 00:14:39.565 INFO  o.s.boot.web.embedded.tomcat.TomcatWebServer      :220  [32m                  [0;39m Tomcat started on port(s): 8880 (http) with context path ''
2023-10-28 00:14:39.567 INFO  com.example.wiki.WikiApplication                  :61   [32m                  [0;39m Started WikiApplication in 0.108 seconds (JVM running for 1373.741)
2023-10-28 00:14:39.567 INFO  o.s.b.d.a.ConditionEvaluationDeltaLoggingListener :63   [32m                  [0;39m Condition evaluation unchanged
2023-10-28 00:14:39.568 INFO  com.example.wiki.WikiApplication                  :19   [32m                  [0;39m 启动成功！！
2023-10-28 00:14:39.568 INFO  com.example.wiki.WikiApplication                  :20   [32m                  [0;39m 地址：	http://127.0.0.1:8880
2023-10-28 00:14:50.400 INFO  o.a.c.core.ContainerBase.[Tomcat].[localhost].[/] :173  [32m                  [0;39m Initializing Spring DispatcherServlet 'dispatcherServlet'
2023-10-28 00:14:50.401 INFO  org.springframework.web.servlet.DispatcherServlet :525  [32m                  [0;39m Initializing Servlet 'dispatcherServlet'
2023-10-28 00:14:50.401 INFO  org.springframework.web.servlet.DispatcherServlet :547  [32m                  [0;39m Completed initialization in 0 ms
2023-10-28 12:05:58.967 INFO  com.example.wiki.WikiApplication                  :55   [32m                  [0;39m Starting WikiApplication using Java 1.8.0_221 on LAPTOP-BPEHVGO4 with PID 18008 (D:\Workplace\JavaProjects\wiki\target\classes started by zhk in D:\Workplace\JavaProjects\wiki)
2023-10-28 12:05:58.968 INFO  com.example.wiki.WikiApplication                  :660  [32m                  [0;39m No active profile set, falling back to default profiles: default
2023-10-28 12:05:58.993 INFO  o.s.b.d.env.DevToolsPropertyDefaultsPostProcessor :255  [32m                  [0;39m Devtools property defaults active! Set 'spring.devtools.add-properties' to 'false' to disable
2023-10-28 12:05:58.993 INFO  o.s.b.d.env.DevToolsPropertyDefaultsPostProcessor :255  [32m                  [0;39m For additional web related logging consider setting the 'logging.level.web' property to 'DEBUG'
2023-10-28 12:05:59.308 WARN  org.mybatis.spring.mapper.ClassPathMapperScanner  :44   [32m                  [0;39m No MyBatis mapper was found in '[com.example.wiki]' package. Please check your configuration.
2023-10-28 12:05:59.499 INFO  o.s.boot.web.embedded.tomcat.TomcatWebServer      :108  [32m                  [0;39m Tomcat initialized with port(s): 8880 (http)
2023-10-28 12:05:59.504 INFO  org.apache.coyote.http11.Http11NioProtocol        :173  [32m                  [0;39m Initializing ProtocolHandler ["http-nio-8880"]
2023-10-28 12:05:59.504 INFO  org.apache.catalina.core.StandardService          :173  [32m                  [0;39m Starting service [Tomcat]
2023-10-28 12:05:59.505 INFO  org.apache.catalina.core.StandardEngine           :173  [32m                  [0;39m Starting Servlet engine: [Apache Tomcat/9.0.39]
2023-10-28 12:05:59.551 INFO  o.a.c.core.ContainerBase.[Tomcat].[localhost].[/] :173  [32m                  [0;39m Initializing Spring embedded WebApplicationContext
2023-10-28 12:05:59.551 INFO  o.s.b.w.s.c.ServletWebServerApplicationContext    :289  [32m                  [0;39m Root WebApplicationContext: initialization completed in 557 ms
2023-10-28 12:05:59.643 INFO  o.s.scheduling.concurrent.ThreadPoolTaskExecutor  :181  [32m                  [0;39m Initializing ExecutorService 'applicationTaskExecutor'
2023-10-28 12:05:59.712 WARN  o.s.b.w.s.c.AnnotationConfigServletWebServerApplicationContext:596  [32m                  [0;39m Exception encountered during context initialization - cancelling refresh attempt: org.springframework.beans.factory.BeanCreationException: Error creating bean with name 'dataSource' defined in class path resource [org/springframework/boot/autoconfigure/jdbc/DataSourceConfiguration$Hikari.class]: Bean instantiation via factory method failed; nested exception is org.springframework.beans.BeanInstantiationException: Failed to instantiate [com.zaxxer.hikari.HikariDataSource]: Factory method 'dataSource' threw exception; nested exception is org.springframework.boot.autoconfigure.jdbc.DataSourceProperties$DataSourceBeanCreationException: Failed to determine a suitable driver class
2023-10-28 12:05:59.712 INFO  o.s.scheduling.concurrent.ThreadPoolTaskExecutor  :218  [32m                  [0;39m Shutting down ExecutorService 'applicationTaskExecutor'
2023-10-28 12:05:59.713 INFO  org.apache.catalina.core.StandardService          :173  [32m                  [0;39m Stopping service [Tomcat]
2023-10-28 12:05:59.720 INFO  o.s.b.a.l.ConditionEvaluationReportLoggingListener:136  [32m                  [0;39m 

Error starting ApplicationContext. To display the conditions report re-run your application with 'debug' enabled.
2023-10-28 12:05:59.732 ERROR o.s.b.diagnostics.LoggingFailureAnalysisReporter  :40   [32m                  [0;39m 

***************************
APPLICATION FAILED TO START
***************************

Description:

Failed to configure a DataSource: 'url' attribute is not specified and no embedded datasource could be configured.

Reason: Failed to determine a suitable driver class


Action:

Consider the following:
	If you want an embedded database (H2, HSQL or Derby), please put it on the classpath.
	If you have database settings to be loaded from a particular profile you may need to activate it (no profiles are currently active).

2023-10-28 12:06:21.390 INFO  com.example.wiki.WikiApplication                  :55   [32m                  [0;39m Starting WikiApplication using Java 1.8.0_221 on LAPTOP-BPEHVGO4 with PID 6744 (D:\Workplace\JavaProjects\wiki\target\classes started by zhk in D:\Workplace\JavaProjects\wiki)
2023-10-28 12:06:21.391 INFO  com.example.wiki.WikiApplication                  :660  [32m                  [0;39m No active profile set, falling back to default profiles: default
2023-10-28 12:06:21.410 INFO  o.s.b.d.env.DevToolsPropertyDefaultsPostProcessor :255  [32m                  [0;39m Devtools property defaults active! Set 'spring.devtools.add-properties' to 'false' to disable
2023-10-28 12:06:21.411 INFO  o.s.b.d.env.DevToolsPropertyDefaultsPostProcessor :255  [32m                  [0;39m For additional web related logging consider setting the 'logging.level.web' property to 'DEBUG'
2023-10-28 12:06:21.670 WARN  org.mybatis.spring.mapper.ClassPathMapperScanner  :44   [32m                  [0;39m No MyBatis mapper was found in '[com.example.wiki]' package. Please check your configuration.
2023-10-28 12:06:21.833 INFO  o.s.boot.web.embedded.tomcat.TomcatWebServer      :108  [32m                  [0;39m Tomcat initialized with port(s): 8880 (http)
2023-10-28 12:06:21.836 INFO  org.apache.coyote.http11.Http11NioProtocol        :173  [32m                  [0;39m Initializing ProtocolHandler ["http-nio-8880"]
2023-10-28 12:06:21.837 INFO  org.apache.catalina.core.StandardService          :173  [32m                  [0;39m Starting service [Tomcat]
2023-10-28 12:06:21.837 INFO  org.apache.catalina.core.StandardEngine           :173  [32m                  [0;39m Starting Servlet engine: [Apache Tomcat/9.0.39]
2023-10-28 12:06:21.874 INFO  o.a.c.core.ContainerBase.[Tomcat].[localhost].[/] :173  [32m                  [0;39m Initializing Spring embedded WebApplicationContext
2023-10-28 12:06:21.875 INFO  o.s.b.w.s.c.ServletWebServerApplicationContext    :289  [32m                  [0;39m Root WebApplicationContext: initialization completed in 464 ms
2023-10-28 12:06:21.944 INFO  o.s.scheduling.concurrent.ThreadPoolTaskExecutor  :181  [32m                  [0;39m Initializing ExecutorService 'applicationTaskExecutor'
2023-10-28 12:06:22.069 INFO  o.s.b.d.autoconfigure.OptionalLiveReloadServer    :58   [32m                  [0;39m LiveReload server is running on port 35729
2023-10-28 12:06:22.076 INFO  org.apache.coyote.http11.Http11NioProtocol        :173  [32m                  [0;39m Starting ProtocolHandler ["http-nio-8880"]
2023-10-28 12:06:22.085 INFO  o.s.boot.web.embedded.tomcat.TomcatWebServer      :220  [32m                  [0;39m Tomcat started on port(s): 8880 (http) with context path ''
2023-10-28 12:06:22.091 INFO  com.example.wiki.WikiApplication                  :61   [32m                  [0;39m Started WikiApplication in 0.898 seconds (JVM running for 1.363)
2023-10-28 12:06:22.093 INFO  com.example.wiki.WikiApplication                  :19   [32m                  [0;39m 启动成功！！
2023-10-28 12:06:22.093 INFO  com.example.wiki.WikiApplication                  :20   [32m                  [0;39m 地址：	http://127.0.0.1:8880
2023-10-28 12:06:53.325 INFO  com.example.wiki.WikiApplication                  :55   [32m                  [0;39m Starting WikiApplication using Java 1.8.0_221 on LAPTOP-BPEHVGO4 with PID 10292 (D:\Workplace\JavaProjects\wiki\target\classes started by zhk in D:\Workplace\JavaProjects\wiki)
2023-10-28 12:06:53.327 INFO  com.example.wiki.WikiApplication                  :660  [32m                  [0;39m No active profile set, falling back to default profiles: default
2023-10-28 12:06:53.350 INFO  o.s.b.d.env.DevToolsPropertyDefaultsPostProcessor :255  [32m                  [0;39m Devtools property defaults active! Set 'spring.devtools.add-properties' to 'false' to disable
2023-10-28 12:06:53.350 INFO  o.s.b.d.env.DevToolsPropertyDefaultsPostProcessor :255  [32m                  [0;39m For additional web related logging consider setting the 'logging.level.web' property to 'DEBUG'
2023-10-28 12:06:53.609 WARN  org.mybatis.spring.mapper.ClassPathMapperScanner  :44   [32m                  [0;39m No MyBatis mapper was found in '[com.example.wiki]' package. Please check your configuration.
2023-10-28 12:06:53.768 INFO  o.s.boot.web.embedded.tomcat.TomcatWebServer      :108  [32m                  [0;39m Tomcat initialized with port(s): 8880 (http)
2023-10-28 12:06:53.771 INFO  org.apache.coyote.http11.Http11NioProtocol        :173  [32m                  [0;39m Initializing ProtocolHandler ["http-nio-8880"]
2023-10-28 12:06:53.771 INFO  org.apache.catalina.core.StandardService          :173  [32m                  [0;39m Starting service [Tomcat]
2023-10-28 12:06:53.771 INFO  org.apache.catalina.core.StandardEngine           :173  [32m                  [0;39m Starting Servlet engine: [Apache Tomcat/9.0.39]
2023-10-28 12:06:53.808 INFO  o.a.c.core.ContainerBase.[Tomcat].[localhost].[/] :173  [32m                  [0;39m Initializing Spring embedded WebApplicationContext
2023-10-28 12:06:53.809 INFO  o.s.b.w.s.c.ServletWebServerApplicationContext    :289  [32m                  [0;39m Root WebApplicationContext: initialization completed in 459 ms
2023-10-28 12:06:53.879 INFO  o.s.scheduling.concurrent.ThreadPoolTaskExecutor  :181  [32m                  [0;39m Initializing ExecutorService 'applicationTaskExecutor'
2023-10-28 12:06:54.000 INFO  o.s.b.d.autoconfigure.OptionalLiveReloadServer    :58   [32m                  [0;39m LiveReload server is running on port 35729
2023-10-28 12:06:54.008 INFO  org.apache.coyote.http11.Http11NioProtocol        :173  [32m                  [0;39m Starting ProtocolHandler ["http-nio-8880"]
2023-10-28 12:06:54.016 INFO  o.s.boot.web.embedded.tomcat.TomcatWebServer      :220  [32m                  [0;39m Tomcat started on port(s): 8880 (http) with context path ''
2023-10-28 12:06:54.022 INFO  com.example.wiki.WikiApplication                  :61   [32m                  [0;39m Started WikiApplication in 0.9 seconds (JVM running for 1.349)
2023-10-28 12:06:54.024 INFO  com.example.wiki.WikiApplication                  :19   [32m                  [0;39m 启动成功！！
2023-10-28 12:06:54.024 INFO  com.example.wiki.WikiApplication                  :20   [32m                  [0;39m 地址：	http://127.0.0.1:8880
2023-10-28 12:14:09.079 INFO  o.s.scheduling.concurrent.ThreadPoolTaskExecutor  :218  [32m                  [0;39m Shutting down ExecutorService 'applicationTaskExecutor'
2023-10-28 12:14:09.154 INFO  com.example.wiki.WikiApplication                  :55   [32m                  [0;39m Starting WikiApplication using Java 1.8.0_221 on LAPTOP-BPEHVGO4 with PID 10292 (D:\Workplace\JavaProjects\wiki\target\classes started by zhk in D:\Workplace\JavaProjects\wiki)
2023-10-28 12:14:09.155 INFO  com.example.wiki.WikiApplication                  :660  [32m                  [0;39m No active profile set, falling back to default profiles: default
2023-10-28 12:14:09.220 WARN  org.mybatis.spring.mapper.ClassPathMapperScanner  :44   [32m                  [0;39m No MyBatis mapper was found in '[com.example.wiki]' package. Please check your configuration.
2023-10-28 12:14:09.249 INFO  o.s.boot.web.embedded.tomcat.TomcatWebServer      :108  [32m                  [0;39m Tomcat initialized with port(s): 8880 (http)
2023-10-28 12:14:09.249 INFO  org.apache.coyote.http11.Http11NioProtocol        :173  [32m                  [0;39m Initializing ProtocolHandler ["http-nio-8880"]
2023-10-28 12:14:09.249 INFO  org.apache.catalina.core.StandardService          :173  [32m                  [0;39m Starting service [Tomcat]
2023-10-28 12:14:09.249 INFO  org.apache.catalina.core.StandardEngine           :173  [32m                  [0;39m Starting Servlet engine: [Apache Tomcat/9.0.39]
2023-10-28 12:14:09.260 INFO  o.a.c.core.ContainerBase.[Tomcat].[localhost].[/] :173  [32m                  [0;39m Initializing Spring embedded WebApplicationContext
2023-10-28 12:14:09.260 INFO  o.s.b.w.s.c.ServletWebServerApplicationContext    :289  [32m                  [0;39m Root WebApplicationContext: initialization completed in 104 ms
2023-10-28 12:14:09.281 INFO  o.s.scheduling.concurrent.ThreadPoolTaskExecutor  :181  [32m                  [0;39m Initializing ExecutorService 'applicationTaskExecutor'
2023-10-28 12:14:09.309 INFO  o.s.b.d.autoconfigure.OptionalLiveReloadServer    :58   [32m                  [0;39m LiveReload server is running on port 35729
2023-10-28 12:14:09.313 INFO  org.apache.coyote.http11.Http11NioProtocol        :173  [32m                  [0;39m Starting ProtocolHandler ["http-nio-8880"]
2023-10-28 12:14:09.315 INFO  o.s.boot.web.embedded.tomcat.TomcatWebServer      :220  [32m                  [0;39m Tomcat started on port(s): 8880 (http) with context path ''
2023-10-28 12:14:09.317 INFO  com.example.wiki.WikiApplication                  :61   [32m                  [0;39m Started WikiApplication in 0.176 seconds (JVM running for 436.644)
2023-10-28 12:14:09.318 INFO  o.s.b.d.a.ConditionEvaluationDeltaLoggingListener :63   [32m                  [0;39m Condition evaluation unchanged
2023-10-28 12:14:09.319 INFO  com.example.wiki.WikiApplication                  :19   [32m                  [0;39m 启动成功！！
2023-10-28 12:14:09.319 INFO  com.example.wiki.WikiApplication                  :20   [32m                  [0;39m 地址：	http://127.0.0.1:8880
2023-10-28 15:32:03.722 INFO  o.s.scheduling.concurrent.ThreadPoolTaskExecutor  :218  [32m                  [0;39m Shutting down ExecutorService 'applicationTaskExecutor'
2023-10-28 15:32:03.785 INFO  com.example.wiki.WikiApplication                  :55   [32m                  [0;39m Starting WikiApplication using Java 1.8.0_221 on LAPTOP-BPEHVGO4 with PID 10292 (D:\Workplace\JavaProjects\wiki\target\classes started by zhk in D:\Workplace\JavaProjects\wiki)
2023-10-28 15:32:03.786 INFO  com.example.wiki.WikiApplication                  :660  [32m                  [0;39m No active profile set, falling back to default profiles: default
2023-10-28 15:32:03.885 INFO  o.s.boot.web.embedded.tomcat.TomcatWebServer      :108  [32m                  [0;39m Tomcat initialized with port(s): 8880 (http)
2023-10-28 15:32:03.885 INFO  org.apache.coyote.http11.Http11NioProtocol        :173  [32m                  [0;39m Initializing ProtocolHandler ["http-nio-8880"]
2023-10-28 15:32:03.885 INFO  org.apache.catalina.core.StandardService          :173  [32m                  [0;39m Starting service [Tomcat]
2023-10-28 15:32:03.886 INFO  org.apache.catalina.core.StandardEngine           :173  [32m                  [0;39m Starting Servlet engine: [Apache Tomcat/9.0.39]
2023-10-28 15:32:03.897 INFO  o.a.c.core.ContainerBase.[Tomcat].[localhost].[/] :173  [32m                  [0;39m Initializing Spring embedded WebApplicationContext
2023-10-28 15:32:03.897 INFO  o.s.b.w.s.c.ServletWebServerApplicationContext    :289  [32m                  [0;39m Root WebApplicationContext: initialization completed in 109 ms
2023-10-28 15:32:03.920 INFO  o.s.scheduling.concurrent.ThreadPoolTaskExecutor  :181  [32m                  [0;39m Initializing ExecutorService 'applicationTaskExecutor'
2023-10-28 15:32:03.956 INFO  o.s.b.d.autoconfigure.OptionalLiveReloadServer    :58   [32m                  [0;39m LiveReload server is running on port 35729
2023-10-28 15:32:03.969 INFO  org.apache.coyote.http11.Http11NioProtocol        :173  [32m                  [0;39m Starting ProtocolHandler ["http-nio-8880"]
2023-10-28 15:32:03.971 INFO  o.s.boot.web.embedded.tomcat.TomcatWebServer      :220  [32m                  [0;39m Tomcat started on port(s): 8880 (http) with context path ''
2023-10-28 15:32:03.973 INFO  com.example.wiki.WikiApplication                  :61   [32m                  [0;39m Started WikiApplication in 0.2 seconds (JVM running for 12311.3)
2023-10-28 15:32:03.977 INFO  o.s.b.d.a.ConditionEvaluationDeltaLoggingListener :58   [32m                  [0;39m Condition evaluation delta:


==========================
CONDITION EVALUATION DELTA
==========================


Positive matches:
-----------------

    None


Negative matches:
-----------------

   MybatisAutoConfiguration.MapperScannerRegistrarNotFoundConfiguration:
      Did not match:
         - @ConditionalOnMissingBean (types: org.mybatis.spring.mapper.MapperFactoryBean,org.mybatis.spring.mapper.MapperScannerConfigurer; SearchStrategy: all) found beans of type 'org.mybatis.spring.mapper.MapperScannerConfigurer' com.example.wiki.WikiApplication#MapperScannerRegistrar#0 (OnBeanCondition)


Exclusions:
-----------

    None


Unconditional classes:
----------------------

    None



2023-10-28 15:32:03.978 INFO  com.example.wiki.WikiApplication                  :22   [32m                  [0;39m 启动成功！！
2023-10-28 15:32:03.978 INFO  com.example.wiki.WikiApplication                  :23   [32m                  [0;39m 地址：	http://127.0.0.1:8880
2023-10-28 15:33:00.300 INFO  o.s.scheduling.concurrent.ThreadPoolTaskExecutor  :218  [32m                  [0;39m Shutting down ExecutorService 'applicationTaskExecutor'
2023-10-28 15:33:00.373 INFO  com.example.wiki.WikiApplication                  :55   [32m                  [0;39m Starting WikiApplication using Java 1.8.0_221 on LAPTOP-BPEHVGO4 with PID 10292 (D:\Workplace\JavaProjects\wiki\target\classes started by zhk in D:\Workplace\JavaProjects\wiki)
2023-10-28 15:33:00.373 INFO  com.example.wiki.WikiApplication                  :660  [32m                  [0;39m No active profile set, falling back to default profiles: default
2023-10-28 15:33:00.473 INFO  o.s.boot.web.embedded.tomcat.TomcatWebServer      :108  [32m                  [0;39m Tomcat initialized with port(s): 8880 (http)
2023-10-28 15:33:00.473 INFO  org.apache.coyote.http11.Http11NioProtocol        :173  [32m                  [0;39m Initializing ProtocolHandler ["http-nio-8880"]
2023-10-28 15:33:00.473 INFO  org.apache.catalina.core.StandardService          :173  [32m                  [0;39m Starting service [Tomcat]
2023-10-28 15:33:00.474 INFO  org.apache.catalina.core.StandardEngine           :173  [32m                  [0;39m Starting Servlet engine: [Apache Tomcat/9.0.39]
2023-10-28 15:33:00.483 INFO  o.a.c.core.ContainerBase.[Tomcat].[localhost].[/] :173  [32m                  [0;39m Initializing Spring embedded WebApplicationContext
2023-10-28 15:33:00.483 INFO  o.s.b.w.s.c.ServletWebServerApplicationContext    :289  [32m                  [0;39m Root WebApplicationContext: initialization completed in 109 ms
2023-10-28 15:33:00.497 INFO  o.s.scheduling.concurrent.ThreadPoolTaskExecutor  :181  [32m                  [0;39m Initializing ExecutorService 'applicationTaskExecutor'
2023-10-28 15:33:00.525 INFO  o.s.b.d.autoconfigure.OptionalLiveReloadServer    :58   [32m                  [0;39m LiveReload server is running on port 35729
2023-10-28 15:33:00.530 INFO  org.apache.coyote.http11.Http11NioProtocol        :173  [32m                  [0;39m Starting ProtocolHandler ["http-nio-8880"]
2023-10-28 15:33:00.532 INFO  o.s.boot.web.embedded.tomcat.TomcatWebServer      :220  [32m                  [0;39m Tomcat started on port(s): 8880 (http) with context path ''
2023-10-28 15:33:00.534 INFO  com.example.wiki.WikiApplication                  :61   [32m                  [0;39m Started WikiApplication in 0.174 seconds (JVM running for 12367.861)
2023-10-28 15:33:00.535 INFO  o.s.b.d.a.ConditionEvaluationDeltaLoggingListener :63   [32m                  [0;39m Condition evaluation unchanged
2023-10-28 15:33:00.535 INFO  com.example.wiki.WikiApplication                  :22   [32m                  [0;39m 启动成功！！
2023-10-28 15:33:00.536 INFO  com.example.wiki.WikiApplication                  :23   [32m                  [0;39m 地址：	http://127.0.0.1:8880
2023-10-28 15:44:16.822 INFO  com.example.wiki.WikiApplication                  :55   [32m                  [0;39m Starting WikiApplication using Java 1.8.0_221 on LAPTOP-BPEHVGO4 with PID 20944 (D:\Workplace\JavaProjects\wiki\target\classes started by zhk in D:\Workplace\JavaProjects\wiki)
2023-10-28 15:44:16.824 INFO  com.example.wiki.WikiApplication                  :660  [32m                  [0;39m No active profile set, falling back to default profiles: default
2023-10-28 15:44:16.849 INFO  o.s.b.d.env.DevToolsPropertyDefaultsPostProcessor :255  [32m                  [0;39m Devtools property defaults active! Set 'spring.devtools.add-properties' to 'false' to disable
2023-10-28 15:44:16.849 INFO  o.s.b.d.env.DevToolsPropertyDefaultsPostProcessor :255  [32m                  [0;39m For additional web related logging consider setting the 'logging.level.web' property to 'DEBUG'
2023-10-28 15:44:17.260 INFO  o.s.boot.web.embedded.tomcat.TomcatWebServer      :108  [32m                  [0;39m Tomcat initialized with port(s): 8880 (http)
2023-10-28 15:44:17.264 INFO  org.apache.coyote.http11.Http11NioProtocol        :173  [32m                  [0;39m Initializing ProtocolHandler ["http-nio-8880"]
2023-10-28 15:44:17.264 INFO  org.apache.catalina.core.StandardService          :173  [32m                  [0;39m Starting service [Tomcat]
2023-10-28 15:44:17.264 INFO  org.apache.catalina.core.StandardEngine           :173  [32m                  [0;39m Starting Servlet engine: [Apache Tomcat/9.0.39]
2023-10-28 15:44:17.301 INFO  o.a.c.core.ContainerBase.[Tomcat].[localhost].[/] :173  [32m                  [0;39m Initializing Spring embedded WebApplicationContext
2023-10-28 15:44:17.302 INFO  o.s.b.w.s.c.ServletWebServerApplicationContext    :289  [32m                  [0;39m Root WebApplicationContext: initialization completed in 453 ms
2023-10-28 15:44:17.482 INFO  o.s.scheduling.concurrent.ThreadPoolTaskExecutor  :181  [32m                  [0;39m Initializing ExecutorService 'applicationTaskExecutor'
2023-10-28 15:44:17.621 INFO  o.s.b.d.autoconfigure.OptionalLiveReloadServer    :58   [32m                  [0;39m LiveReload server is running on port 35729
2023-10-28 15:44:17.628 INFO  org.apache.coyote.http11.Http11NioProtocol        :173  [32m                  [0;39m Starting ProtocolHandler ["http-nio-8880"]
2023-10-28 15:44:17.637 INFO  o.s.boot.web.embedded.tomcat.TomcatWebServer      :220  [32m                  [0;39m Tomcat started on port(s): 8880 (http) with context path ''
2023-10-28 15:44:17.641 INFO  com.example.wiki.WikiApplication                  :61   [32m                  [0;39m Started WikiApplication in 1.021 seconds (JVM running for 1.486)
2023-10-28 15:44:17.643 INFO  com.example.wiki.WikiApplication                  :22   [32m                  [0;39m 启动成功！！
2023-10-28 15:44:17.643 INFO  com.example.wiki.WikiApplication                  :23   [32m                  [0;39m 地址：	http://127.0.0.1:8880
2023-10-28 15:44:24.897 INFO  o.a.c.core.ContainerBase.[Tomcat].[localhost].[/] :173  [32m                  [0;39m Initializing Spring DispatcherServlet 'dispatcherServlet'
2023-10-28 15:44:24.897 INFO  org.springframework.web.servlet.DispatcherServlet :525  [32m                  [0;39m Initializing Servlet 'dispatcherServlet'
2023-10-28 15:44:24.898 INFO  org.springframework.web.servlet.DispatcherServlet :547  [32m                  [0;39m Completed initialization in 1 ms
2023-10-28 15:44:30.856 INFO  com.zaxxer.hikari.HikariDataSource                :110  [32m                  [0;39m HikariPool-1 - Starting...
2023-10-28 15:44:32.324 INFO  com.zaxxer.hikari.HikariDataSource                :123  [32m                  [0;39m HikariPool-1 - Start completed.
2023-10-28 15:59:59.675 INFO  o.s.scheduling.concurrent.ThreadPoolTaskExecutor  :218  [32m                  [0;39m Shutting down ExecutorService 'applicationTaskExecutor'
2023-10-28 15:59:59.675 INFO  com.zaxxer.hikari.HikariDataSource                :350  [32m                  [0;39m HikariPool-1 - Shutdown initiated...
2023-10-28 15:59:59.681 INFO  com.zaxxer.hikari.HikariDataSource                :352  [32m                  [0;39m HikariPool-1 - Shutdown completed.
2023-10-28 15:59:59.792 INFO  com.example.wiki.WikiApplication                  :55   [32m                  [0;39m Starting WikiApplication using Java 1.8.0_221 on LAPTOP-BPEHVGO4 with PID 20944 (D:\Workplace\JavaProjects\wiki\target\classes started by zhk in D:\Workplace\JavaProjects\wiki)
2023-10-28 15:59:59.793 INFO  com.example.wiki.WikiApplication                  :660  [32m                  [0;39m No active profile set, falling back to default profiles: default
2023-10-28 15:59:59.907 INFO  o.s.boot.web.embedded.tomcat.TomcatWebServer      :108  [32m                  [0;39m Tomcat initialized with port(s): 8880 (http)
2023-10-28 15:59:59.907 INFO  org.apache.coyote.http11.Http11NioProtocol        :173  [32m                  [0;39m Initializing ProtocolHandler ["http-nio-8880"]
2023-10-28 15:59:59.907 INFO  org.apache.catalina.core.StandardService          :173  [32m                  [0;39m Starting service [Tomcat]
2023-10-28 15:59:59.907 INFO  org.apache.catalina.core.StandardEngine           :173  [32m                  [0;39m Starting Servlet engine: [Apache Tomcat/9.0.39]
2023-10-28 15:59:59.917 INFO  o.a.c.core.ContainerBase.[Tomcat].[localhost].[/] :173  [32m                  [0;39m Initializing Spring embedded WebApplicationContext
2023-10-28 15:59:59.917 INFO  o.s.b.w.s.c.ServletWebServerApplicationContext    :289  [32m                  [0;39m Root WebApplicationContext: initialization completed in 122 ms
2023-10-28 15:59:59.953 INFO  o.s.scheduling.concurrent.ThreadPoolTaskExecutor  :181  [32m                  [0;39m Initializing ExecutorService 'applicationTaskExecutor'
2023-10-28 15:59:59.972 INFO  o.s.b.d.autoconfigure.OptionalLiveReloadServer    :58   [32m                  [0;39m LiveReload server is running on port 35729
2023-10-28 15:59:59.975 INFO  org.apache.coyote.http11.Http11NioProtocol        :173  [32m                  [0;39m Starting ProtocolHandler ["http-nio-8880"]
2023-10-28 15:59:59.976 INFO  o.s.boot.web.embedded.tomcat.TomcatWebServer      :220  [32m                  [0;39m Tomcat started on port(s): 8880 (http) with context path ''
2023-10-28 15:59:59.978 INFO  com.example.wiki.WikiApplication                  :61   [32m                  [0;39m Started WikiApplication in 0.209 seconds (JVM running for 943.823)
2023-10-28 15:59:59.979 INFO  o.s.b.d.a.ConditionEvaluationDeltaLoggingListener :63   [32m                  [0;39m Condition evaluation unchanged
2023-10-28 15:59:59.979 INFO  com.example.wiki.WikiApplication                  :22   [32m                  [0;39m 启动成功！！
2023-10-28 15:59:59.980 INFO  com.example.wiki.WikiApplication                  :23   [32m                  [0;39m 地址：	http://127.0.0.1:8880
2023-10-28 16:00:41.100 INFO  o.s.scheduling.concurrent.ThreadPoolTaskExecutor  :218  [32m                  [0;39m Shutting down ExecutorService 'applicationTaskExecutor'
2023-10-28 16:00:41.184 INFO  com.example.wiki.WikiApplication                  :55   [32m                  [0;39m Starting WikiApplication using Java 1.8.0_221 on LAPTOP-BPEHVGO4 with PID 20944 (D:\Workplace\JavaProjects\wiki\target\classes started by zhk in D:\Workplace\JavaProjects\wiki)
2023-10-28 16:00:41.184 INFO  com.example.wiki.WikiApplication                  :660  [32m                  [0;39m No active profile set, falling back to default profiles: default
2023-10-28 16:00:41.269 INFO  o.s.boot.web.embedded.tomcat.TomcatWebServer      :108  [32m                  [0;39m Tomcat initialized with port(s): 8880 (http)
2023-10-28 16:00:41.269 INFO  org.apache.coyote.http11.Http11NioProtocol        :173  [32m                  [0;39m Initializing ProtocolHandler ["http-nio-8880"]
2023-10-28 16:00:41.269 INFO  org.apache.catalina.core.StandardService          :173  [32m                  [0;39m Starting service [Tomcat]
2023-10-28 16:00:41.269 INFO  org.apache.catalina.core.StandardEngine           :173  [32m                  [0;39m Starting Servlet engine: [Apache Tomcat/9.0.39]
2023-10-28 16:00:41.279 INFO  o.a.c.core.ContainerBase.[Tomcat].[localhost].[/] :173  [32m                  [0;39m Initializing Spring embedded WebApplicationContext
2023-10-28 16:00:41.280 INFO  o.s.b.w.s.c.ServletWebServerApplicationContext    :289  [32m                  [0;39m Root WebApplicationContext: initialization completed in 95 ms
2023-10-28 16:00:41.306 INFO  o.s.scheduling.concurrent.ThreadPoolTaskExecutor  :181  [32m                  [0;39m Initializing ExecutorService 'applicationTaskExecutor'
2023-10-28 16:00:41.322 INFO  o.s.b.d.autoconfigure.OptionalLiveReloadServer    :58   [32m                  [0;39m LiveReload server is running on port 35729
2023-10-28 16:00:41.324 INFO  org.apache.coyote.http11.Http11NioProtocol        :173  [32m                  [0;39m Starting ProtocolHandler ["http-nio-8880"]
2023-10-28 16:00:41.326 INFO  o.s.boot.web.embedded.tomcat.TomcatWebServer      :220  [32m                  [0;39m Tomcat started on port(s): 8880 (http) with context path ''
2023-10-28 16:00:41.328 INFO  com.example.wiki.WikiApplication                  :61   [32m                  [0;39m Started WikiApplication in 0.156 seconds (JVM running for 985.173)
2023-10-28 16:00:41.329 INFO  o.s.b.d.a.ConditionEvaluationDeltaLoggingListener :63   [32m                  [0;39m Condition evaluation unchanged
2023-10-28 16:00:41.329 INFO  com.example.wiki.WikiApplication                  :22   [32m                  [0;39m 启动成功！！
2023-10-28 16:00:41.329 INFO  com.example.wiki.WikiApplication                  :23   [32m                  [0;39m 地址：	http://127.0.0.1:8880
2023-10-28 16:03:19.173 INFO  o.s.scheduling.concurrent.ThreadPoolTaskExecutor  :218  [32m                  [0;39m Shutting down ExecutorService 'applicationTaskExecutor'
2023-10-28 16:03:19.270 INFO  com.example.wiki.WikiApplication                  :55   [32m                  [0;39m Starting WikiApplication using Java 1.8.0_221 on LAPTOP-BPEHVGO4 with PID 20944 (D:\Workplace\JavaProjects\wiki\target\classes started by zhk in D:\Workplace\JavaProjects\wiki)
2023-10-28 16:03:19.271 INFO  com.example.wiki.WikiApplication                  :660  [32m                  [0;39m No active profile set, falling back to default profiles: default
2023-10-28 16:03:19.369 INFO  o.s.boot.web.embedded.tomcat.TomcatWebServer      :108  [32m                  [0;39m Tomcat initialized with port(s): 8880 (http)
2023-10-28 16:03:19.369 INFO  org.apache.coyote.http11.Http11NioProtocol        :173  [32m                  [0;39m Initializing ProtocolHandler ["http-nio-8880"]
2023-10-28 16:03:19.369 INFO  org.apache.catalina.core.StandardService          :173  [32m                  [0;39m Starting service [Tomcat]
2023-10-28 16:03:19.370 INFO  org.apache.catalina.core.StandardEngine           :173  [32m                  [0;39m Starting Servlet engine: [Apache Tomcat/9.0.39]
2023-10-28 16:03:19.379 INFO  o.a.c.core.ContainerBase.[Tomcat].[localhost].[/] :173  [32m                  [0;39m Initializing Spring embedded WebApplicationContext
2023-10-28 16:03:19.379 INFO  o.s.b.w.s.c.ServletWebServerApplicationContext    :289  [32m                  [0;39m Root WebApplicationContext: initialization completed in 107 ms
2023-10-28 16:03:19.407 INFO  o.s.scheduling.concurrent.ThreadPoolTaskExecutor  :181  [32m                  [0;39m Initializing ExecutorService 'applicationTaskExecutor'
2023-10-28 16:03:19.425 INFO  o.s.b.d.autoconfigure.OptionalLiveReloadServer    :58   [32m                  [0;39m LiveReload server is running on port 35729
2023-10-28 16:03:19.427 INFO  org.apache.coyote.http11.Http11NioProtocol        :173  [32m                  [0;39m Starting ProtocolHandler ["http-nio-8880"]
2023-10-28 16:03:19.429 INFO  o.s.boot.web.embedded.tomcat.TomcatWebServer      :220  [32m                  [0;39m Tomcat started on port(s): 8880 (http) with context path ''
2023-10-28 16:03:19.431 INFO  com.example.wiki.WikiApplication                  :61   [32m                  [0;39m Started WikiApplication in 0.175 seconds (JVM running for 1143.275)
2023-10-28 16:03:19.431 INFO  o.s.b.d.a.ConditionEvaluationDeltaLoggingListener :63   [32m                  [0;39m Condition evaluation unchanged
2023-10-28 16:03:19.432 INFO  com.example.wiki.WikiApplication                  :22   [32m                  [0;39m 启动成功！！
2023-10-28 16:03:19.432 INFO  com.example.wiki.WikiApplication                  :23   [32m                  [0;39m 地址：	http://127.0.0.1:8880
